<html>
<head>
<title>TestNG:  Default test</title>
<link href="../testng.css" rel="stylesheet" type="text/css" />
<link href="../my-testng.css" rel="stylesheet" type="text/css" />

<style type="text/css">
.log { display: none;} 
.stack-trace { display: none;} 
</style>
<script type="text/javascript">
<!--
function flip(e) {
  current = e.style.display;
  if (current == 'block') {
    e.style.display = 'none';
    return 0;
  }
  else {
    e.style.display = 'block';
    return 1;
  }
}

function toggleBox(szDivId, elem, msg1, msg2)
{
  var res = -1;  if (document.getElementById) {
    res = flip(document.getElementById(szDivId));
  }
  else if (document.all) {
    // this is the way old msie versions work
    res = flip(document.all[szDivId]);
  }
  if(elem) {
    if(res == 0) elem.innerHTML = msg1; else elem.innerHTML = msg2;
  }

}

function toggleAllBoxes() {
  if (document.getElementsByTagName) {
    d = document.getElementsByTagName('div');
    for (i = 0; i < d.length; i++) {
      if (d[i].className == 'log') {
        flip(d[i]);
      }
    }
  }
}

// -->
</script>

</head>
<body>
<h2 align='center'>Default test</h2><table border='1' align="center">
<tr>
<td>Tests passed/Failed/Skipped:</td><td>2/1/0</td>
</tr><tr>
<td>Started on:</td><td>Wed Dec 29 11:56:03 IST 2021</td>
</tr>
<tr><td>Total time:</td><td>57 seconds (57620 ms)</td>
</tr><tr>
<td>Included groups:</td><td></td>
</tr><tr>
<td>Excluded groups:</td><td></td>
</tr>
</table><p/>
<small><i>(Hover the method name to see the test class name)</i></small><p/>
<table width='100%' border='1' class='invocation-failed'>
<tr><td colspan='4' align='center'><b>FAILED TESTS</b></td></tr>
<tr><td><b>Test method</b></td>
<td width="30%"><b>Exception</b></td>
<td width="10%"><b>Time (seconds)</b></td>
<td><b>Instance</b></td>
</tr>
<tr>
<td title='com.scripts.AuthenticationTest.TCID_103_VerifyTabsOnMyAccountPage()'><b>TCID_103_VerifyTabsOnMyAccountPage</b><br>Test class: com.scripts.AuthenticationTest<br/>
<a href="#Output-873634936" onClick='toggleBox("Output-873634936", this, "Show output", "Hide output");'>Show output</a>

<a href="#Output-873634936" onClick="toggleAllBoxes();">Show all outputs</a>
<div class='log' id="Output-873634936">
Verify header logo<br/>
</div>
</td>
<td><div><pre>java.lang.AssertionError: expected [true] but found [false]
	at org.testng.Assert.fail(Assert.java:94)
	at org.testng.Assert.failNotEquals(Assert.java:513)
	at org.testng.Assert.assertTrue(Assert.java:42)
	at org.testng.Assert.assertTrue(Assert.java:52)
	at com.pageFactory.MyAccountPage.verifyTabWomenInMyAccountPageIsDisplayed(MyAccountPage.java:30)
	at com.flows.MyAccountFlow.verifyTabsOnMyAccountPage(MyAccountFlow.java:17)
	at com.scripts.AuthenticationTest.TCID_103_VerifyTabsOnMyAccountPage(AuthenticationTest.java:72)
	at sun.reflect.NativeMethodAccessorImpl.invoke0(Native Method)
	at sun.reflect.NativeMethodAccessorImpl.invoke(Unknown Source)
	at sun.reflect.DelegatingMethodAccessorImpl.invoke(Unknown Source)
	at java.lang.reflect.Method.invoke(Unknown Source)
	at org.testng.internal.MethodInvocationHelper.invokeMethod(MethodInvocationHelper.java:86)
	at org.testng.internal.Invoker.invokeMethod(Invoker.java:643)
	at org.testng.internal.Invoker.invokeTestMethod(Invoker.java:820)
	at org.testng.internal.Invoker.invokeTestMethods(Invoker.java:1128)
	at org.testng.internal.TestMethodWorker.invokeTestMethods(TestMethodWorker.java:129)
	at org.testng.internal.TestMethodWorker.run(TestMethodWorker.java:112)
	at org.testng.TestRunner.privateRun(TestRunner.java:782)
	at org.testng.TestRunner.run(TestRunner.java:632)
	at org.testng.SuiteRunner.runTest(SuiteRunner.java:366)
	at org.testng.SuiteRunner.runSequentially(SuiteRunner.java:361)
	at org.testng.SuiteRunner.privateRun(SuiteRunner.java:319)
	at org.testng.SuiteRunner.run(SuiteRunner.java:268)
	at org.testng.SuiteRunnerWorker.runSuite(SuiteRunnerWorker.java:52)
	at org.testng.SuiteRunnerWorker.run(SuiteRunnerWorker.java:86)
	at org.testng.TestNG.runSuitesSequentially(TestNG.java:1244)
	at org.testng.TestNG.runSuitesLocally(TestNG.java:1169)
	at org.testng.TestNG.run(TestNG.java:1064)
	at org.testng.remote.AbstractRemoteTestNG.run(AbstractRemoteTestNG.java:114)
	at org.testng.remote.RemoteTestNG.initAndRun(RemoteTestNG.java:251)
	at org.testng.remote.RemoteTestNG.main(RemoteTestNG.java:77)
</pre></div><a href='#' onClick='toggleBox("stack-trace873634936", this, "Click to show all stack frames", "Click to hide stack frames")'>Click to show all stack frames</a>
<div class='stack-trace' id='stack-trace873634936'><pre>java.lang.AssertionError: expected [true] but found [false]
	at org.testng.Assert.fail(Assert.java:94)
	at org.testng.Assert.failNotEquals(Assert.java:513)
	at org.testng.Assert.assertTrue(Assert.java:42)
	at org.testng.Assert.assertTrue(Assert.java:52)
	at com.pageFactory.MyAccountPage.verifyTabWomenInMyAccountPageIsDisplayed(MyAccountPage.java:30)
	at com.flows.MyAccountFlow.verifyTabsOnMyAccountPage(MyAccountFlow.java:17)
	at com.scripts.AuthenticationTest.TCID_103_VerifyTabsOnMyAccountPage(AuthenticationTest.java:72)
	at sun.reflect.NativeMethodAccessorImpl.invoke0(Native Method)
	at sun.reflect.NativeMethodAccessorImpl.invoke(Unknown Source)
	at sun.reflect.DelegatingMethodAccessorImpl.invoke(Unknown Source)
	at java.lang.reflect.Method.invoke(Unknown Source)
	at org.testng.internal.MethodInvocationHelper.invokeMethod(MethodInvocationHelper.java:86)
	at org.testng.internal.Invoker.invokeMethod(Invoker.java:643)
	at org.testng.internal.Invoker.invokeTestMethod(Invoker.java:820)
	at org.testng.internal.Invoker.invokeTestMethods(Invoker.java:1128)
	at org.testng.internal.TestMethodWorker.invokeTestMethods(TestMethodWorker.java:129)
	at org.testng.internal.TestMethodWorker.run(TestMethodWorker.java:112)
	at org.testng.TestRunner.privateRun(TestRunner.java:782)
	at org.testng.TestRunner.run(TestRunner.java:632)
	at org.testng.SuiteRunner.runTest(SuiteRunner.java:366)
	at org.testng.SuiteRunner.runSequentially(SuiteRunner.java:361)
	at org.testng.SuiteRunner.privateRun(SuiteRunner.java:319)
	at org.testng.SuiteRunner.run(SuiteRunner.java:268)
	at org.testng.SuiteRunnerWorker.runSuite(SuiteRunnerWorker.java:52)
	at org.testng.SuiteRunnerWorker.run(SuiteRunnerWorker.java:86)
	at org.testng.TestNG.runSuitesSequentially(TestNG.java:1244)
	at org.testng.TestNG.runSuitesLocally(TestNG.java:1169)
	at org.testng.TestNG.run(TestNG.java:1064)
	at org.testng.remote.AbstractRemoteTestNG.run(AbstractRemoteTestNG.java:114)
	at org.testng.remote.RemoteTestNG.initAndRun(RemoteTestNG.java:251)
	at org.testng.remote.RemoteTestNG.main(RemoteTestNG.java:77)
</pre></div></td>
<td>10</td>
<td>com.scripts.AuthenticationTest@4f933fd1</td></tr>
</table><p>
<table width='100%' border='1' class='invocation-passed'>
<tr><td colspan='4' align='center'><b>PASSED TESTS</b></td></tr>
<tr><td><b>Test method</b></td>
<td width="30%"><b>Exception</b></td>
<td width="10%"><b>Time (seconds)</b></td>
<td><b>Instance</b></td>
</tr>
<tr>
<td title='com.scripts.AuthenticationTest.TCID_101_VerifyAndGetAllLinksOnHomePage()'><b>TCID_101_VerifyAndGetAllLinksOnHomePage</b><br>Test class: com.scripts.AuthenticationTest<br/>
<a href="#Output-1984513847" onClick='toggleBox("Output-1984513847", this, "Show output", "Hide output");'>Show output</a>

<a href="#Output-1984513847" onClick="toggleAllBoxes();">Show all outputs</a>
<div class='log' id="Output-1984513847">
All Links----> <br/>
All Links----> Sign in<br/>
All Links----> Contact us<br/>
All Links----> <br/>
All Links----> Cart (empty)<br/>
All Links----> <br/>
All Links----> <br/>
All Links----> WOMEN<br/>
All Links----> <br/>
All Links----> <br/>
All Links----> <br/>
All Links----> <br/>
All Links----> <br/>
All Links----> <br/>
All Links----> <br/>
All Links----> DRESSES<br/>
All Links----> <br/>
All Links----> <br/>
All Links----> <br/>
All Links----> T-SHIRTS<br/>
All Links----> <br/>
All Links----> <br/>
All Links----> <br/>
All Links----> <br/>
All Links----> <br/>
All Links----> Prev<br/>
All Links----> Next<br/>
All Links----> <br/>
All Links----> <br/>
All Links----> POPULAR<br/>
All Links----> BEST SELLERS<br/>
All Links----> <br/>
All Links----> <br/>
All Links----> <br/>
All Links----> Faded Short Sleeve T-shirts<br/>
All Links----> <br/>
All Links----> <br/>
All Links----> <br/>
All Links----> <br/>
All Links----> <br/>
All Links----> Blouse<br/>
All Links----> <br/>
All Links----> <br/>
All Links----> <br/>
All Links----> <br/>
All Links----> <br/>
All Links----> Printed Dress<br/>
All Links----> <br/>
All Links----> <br/>
All Links----> <br/>
All Links----> <br/>
All Links----> <br/>
All Links----> Printed Dress<br/>
All Links----> <br/>
All Links----> <br/>
All Links----> <br/>
All Links----> <br/>
All Links----> <br/>
All Links----> Printed Summer Dress<br/>
All Links----> <br/>
All Links----> <br/>
All Links----> <br/>
All Links----> <br/>
All Links----> <br/>
All Links----> Printed Summer Dress<br/>
All Links----> <br/>
All Links----> <br/>
All Links----> <br/>
All Links----> <br/>
All Links----> <br/>
All Links----> Printed Chiffon Dress<br/>
All Links----> <br/>
All Links----> <br/>
All Links----> <br/>
All Links----> <br/>
All Links----> <br/>
All Links----> <br/>
All Links----> <br/>
All Links----> <br/>
All Links----> <br/>
All Links----> <br/>
All Links----> <br/>
All Links----> <br/>
All Links----> <br/>
All Links----> <br/>
All Links----> <br/>
All Links----> <br/>
All Links----> <br/>
All Links----> <br/>
All Links----> <br/>
All Links----> <br/>
All Links----> <br/>
All Links----> <br/>
All Links----> <br/>
All Links----> <br/>
All Links----> <br/>
All Links----> <br/>
All Links----> <br/>
All Links----> <br/>
All Links----> <br/>
All Links----> <br/>
All Links----> <br/>
All Links----> <br/>
All Links----> <br/>
All Links----> <br/>
All Links----> <br/>
All Links----> <br/>
All Links----> <br/>
All Links----> <br/>
All Links----> <br/>
All Links----> <br/>
All Links----> <br/>
All Links----> <br/>
All Links----> <br/>
All Links----> <br/>
All Links----> <br/>
All Links----> <br/>
All Links----> <br/>
All Links----> <br/>
All Links----> <br/>
All Links----> Selenium Framework<br/>
All Links----> <br/>
All Links----> <br/>
All Links----> <br/>
All Links----> <br/>
All Links----> <br/>
All Links----> Women<br/>
All Links----> <br/>
All Links----> <br/>
All Links----> <br/>
All Links----> <br/>
All Links----> <br/>
All Links----> <br/>
All Links----> <br/>
All Links----> Specials<br/>
All Links----> New products<br/>
All Links----> Best sellers<br/>
All Links----> Our stores<br/>
All Links----> Contact us<br/>
All Links----> Terms and conditions of use<br/>
All Links----> About us<br/>
All Links----> Sitemap<br/>
All Links----> Ecommerce software by PrestaShop™<br/>
All Links----> My account<br/>
All Links----> My orders<br/>
All Links----> My credit slips<br/>
All Links----> My addresses<br/>
All Links----> My personal info<br/>
All Links----> support@seleniumframework.com<br/>
</div>
</td>
<td></td>
<td>2</td>
<td>com.scripts.AuthenticationTest@4f933fd1</td></tr>
<tr>
<td title='com.scripts.AuthenticationTest.TCID_102_LoginFuctionality()'><b>TCID_102_LoginFuctionality</b><br>Test class: com.scripts.AuthenticationTest<br/>
<a href="#Output-1862383967" onClick='toggleBox("Output-1862383967", this, "Show output", "Hide output");'>Show output</a>

<a href="#Output-1862383967" onClick="toggleAllBoxes();">Show all outputs</a>
<div class='log' id="Output-1862383967">
Verify header logo<br/>
Click on Sign in option<br/>
Verify Authentication Page is Displayed<br/>
Set Email Id<br/>
Set Password<br/>
Click On Sign in button<br/>
Verify user is logged in successfully<br/>
</div>
</td>
<td></td>
<td>20</td>
<td>com.scripts.AuthenticationTest@4f933fd1</td></tr>
</table><p>
</body>
</html>